<?xml version="1.0" encoding="UTF-8"?>
<!-- Generated by org.testng.reporters.JUnitReportReporter -->
<testsuite hostname="DESKTOP-BORKUB7" failures="0" tests="4" name="api.tests.userTest2" time="20.308" errors="0" timestamp="2025-01-08T17:43:46 IST" skipped="0">
  <testcase classname="api.tests.userTest2" name="createUser" time="4.545"/>
  <testcase classname="api.tests.userTest2" name="getUser" time="13.240"/>
  <testcase classname="api.tests.userTest2" name="putUser" time="1.243"/>
  <testcase classname="api.tests.userTest2" name="deleteUser" time="1.280"/>
</testsuite> <!-- api.tests.userTest2 -->
