<?xml version="1.0" encoding="UTF-8"?>
<!-- Generated by org.testng.reporters.JUnitReportReporter -->
<testsuite hostname="DESKTOP-BORKUB7" failures="0" tests="4" name="api.tests.userTest" time="6.025" errors="0" timestamp="2025-01-08T15:05:49 IST" skipped="0">
  <testcase classname="api.tests.userTest" name="createUser" time="1.542"/>
  <testcase classname="api.tests.userTest" name="getUser" time="1.532"/>
  <testcase classname="api.tests.userTest" name="putUser" time="1.399"/>
  <testcase classname="api.tests.userTest" name="deleteUser" time="1.552"/>
</testsuite> <!-- api.tests.userTest -->
