<?xml version="1.0" encoding="UTF-8"?>
<!-- Generated by org.testng.reporters.JUnitReportReporter -->
<testsuite hostname="DESKTOP-BORKUB7" failures="0" tests="4" name="api.tests.userTest" time="7.825" errors="0" timestamp="2025-01-08T20:02:32 IST" skipped="0">
  <testcase classname="api.tests.userTest" name="createUser" time="3.941"/>
  <testcase classname="api.tests.userTest" name="getUser" time="1.303"/>
  <testcase classname="api.tests.userTest" name="putUser" time="1.301"/>
  <testcase classname="api.tests.userTest" name="deleteUser" time="1.280"/>
</testsuite> <!-- api.tests.userTest -->
